build/outputs/logs/manifest-merger-release-report.txt
-- Merging decision tree log ---
manifest
ADDED from src\main\AndroidManifest.xml:2:1-86:12
	package
		ADDED from src\main\AndroidManifest.xml:3:5-32
		INJECTED from src\main\AndroidManifest.xml
		INJECTED from src\main\AndroidManifest.xml
	android:versionName
		INJECTED from src\main\AndroidManifest.xml
		INJECTED from src\main\AndroidManifest.xml
	xmlns:android
		ADDED from src\main\AndroidManifest.xml:2:11-69
	android:versionCode
		INJECTED from src\main\AndroidManifest.xml
		INJECTED from src\main\AndroidManifest.xml
uses-permission#android.permission.WRITE_EXTERNAL_STORAGE
ADDED from src\main\AndroidManifest.xml:5:5-81
	android:name
		ADDED from src\main\AndroidManifest.xml:5:22-78
uses-permission#android.permission.RECEIVE_BOOT_COMPLETED
ADDED from src\main\AndroidManifest.xml:6:5-81
	android:name
		ADDED from src\main\AndroidManifest.xml:6:22-78
uses-permission#android.permission.MOUNT_UNMOUNT_FILESYSTEMS
ADDED from src\main\AndroidManifest.xml:7:5-84
	android:name
		ADDED from src\main\AndroidManifest.xml:7:22-81
uses-permission#android.permission.INTERNET
ADDED from src\main\AndroidManifest.xml:8:5-67
	android:name
		ADDED from src\main\AndroidManifest.xml:8:22-64
uses-permission#android.permission.READ_EXTERNAL_STORAGE
ADDED from src\main\AndroidManifest.xml:10:5-80
	android:name
		ADDED from src\main\AndroidManifest.xml:10:22-77
uses-permission#android.permission.CAMERA
ADDED from src\main\AndroidManifest.xml:12:5-65
	android:name
		ADDED from src\main\AndroidManifest.xml:12:22-62
uses-permission#android.permission.VIBRATE
ADDED from src\main\AndroidManifest.xml:14:5-66
	android:name
		ADDED from src\main\AndroidManifest.xml:14:22-63
uses-permission#android.permission.GET_TASKS
ADDED from src\main\AndroidManifest.xml:15:5-68
	android:name
		ADDED from src\main\AndroidManifest.xml:15:22-65
uses-permission#android.permission.SYSTEM_ALERT_WINDOW
ADDED from src\main\AndroidManifest.xml:17:5-78
	android:name
		ADDED from src\main\AndroidManifest.xml:17:22-75
application
ADDED from src\main\AndroidManifest.xml:19:5-84:19
MERGED from [com.efrobot.library.net:mvpnetlibrary:0.0.38] AndroidManifest.xml:11:5-15:19
MERGED from [com.efrobot.library.mvp:mvplibrary:0.0.12] AndroidManifest.xml:11:5-47
MERGED from [com.android.support:support-v4:23.1.1] AndroidManifest.xml:22:5-20
MERGED from [cn.edu.zafu:coreprogress:0.0.3] AndroidManifest.xml:11:5-12:19
MERGED from [com.efrobot.library:framework:1.0.37] AndroidManifest.xml:11:5-15:19
	android:label
		ADDED from src\main\AndroidManifest.xml:23:9-41
	android:supportsRtl
		ADDED from src\main\AndroidManifest.xml:24:9-35
	android:allowBackup
		ADDED from src\main\AndroidManifest.xml:21:9-35
	android:icon
		ADDED from src\main\AndroidManifest.xml:22:9-43
	android:theme
		ADDED from src\main\AndroidManifest.xml:25:9-40
	android:name
		ADDED from src\main\AndroidManifest.xml:20:9-59
activity#com.efrobot.guest.main.MainActivity
ADDED from src\main\AndroidManifest.xml:26:9-28:66
	android:windowSoftInputMode
		ADDED from src\main\AndroidManifest.xml:28:13-54
	android:name
		ADDED from src\main\AndroidManifest.xml:27:13-63
activity#com.efrobot.guest.setting.SettingActivity
ADDED from src\main\AndroidManifest.xml:29:9-37:20
	android:windowSoftInputMode
		ADDED from src\main\AndroidManifest.xml:31:13-54
	android:name
		ADDED from src\main\AndroidManifest.xml:30:13-69
intent-filter#android.intent.action.MAIN+android.intent.category.LAUNCHER
ADDED from src\main\AndroidManifest.xml:32:13-36:29
action#android.intent.action.MAIN
ADDED from src\main\AndroidManifest.xml:33:17-69
	android:name
		ADDED from src\main\AndroidManifest.xml:33:25-66
category#android.intent.category.LAUNCHER
ADDED from src\main\AndroidManifest.xml:35:17-77
	android:name
		ADDED from src\main\AndroidManifest.xml:35:27-74
activity#com.efrobot.guest.usher.UsherActivity
ADDED from src\main\AndroidManifest.xml:38:9-49:20
	android:hardwareAccelerated
		ADDED from src\main\AndroidManifest.xml:40:13-47
	android:name
		ADDED from src\main\AndroidManifest.xml:39:13-65
provider#com.efrobot.guest.speech.CusProvider
ADDED from src\main\AndroidManifest.xml:51:9-54:39
	android:authorities
		ADDED from src\main\AndroidManifest.xml:53:13-70
	android:exported
		ADDED from src\main\AndroidManifest.xml:54:13-36
	android:name
		ADDED from src\main\AndroidManifest.xml:52:13-64
receiver#com.efrobot.guest.speech.SpeechReceiver
ADDED from src\main\AndroidManifest.xml:56:9-60:20
	android:name
		ADDED from src\main\AndroidManifest.xml:56:19-73
intent-filter#com.efrobot.speechlibrary.ACTION_SPEECH_DISCERN_STATE
ADDED from src\main\AndroidManifest.xml:57:13-59:29
action#com.efrobot.speechlibrary.ACTION_SPEECH_DISCERN_STATE
ADDED from src\main\AndroidManifest.xml:58:17-96
	android:name
		ADDED from src\main\AndroidManifest.xml:58:25-93
service#com.efrobot.guest.service.UltrasonicService
ADDED from src\main\AndroidManifest.xml:62:9-65:47
	android:enabled
		ADDED from src\main\AndroidManifest.xml:64:13-35
	android:exported
		ADDED from src\main\AndroidManifest.xml:65:13-36
	android:name
		ADDED from src\main\AndroidManifest.xml:63:13-71
activity#com.efrobot.guest.action.ActionActivity
ADDED from src\main\AndroidManifest.xml:67:9-85
	android:name
		ADDED from src\main\AndroidManifest.xml:67:19-73
activity#com.efrobot.guest.action.CustomAddActivity
ADDED from src\main\AndroidManifest.xml:68:9-88
	android:name
		ADDED from src\main\AndroidManifest.xml:68:19-76
activity#com.efrobot.guest.player.MediaPlayActivity
ADDED from src\main\AndroidManifest.xml:69:9-79
	android:name
		ADDED from src\main\AndroidManifest.xml:69:19-76
activity#com.efrobot.guest.explain.ExplainActivity
ADDED from src\main\AndroidManifest.xml:70:9-78
	android:name
		ADDED from src\main\AndroidManifest.xml:70:19-75
service#com.efrobot.guest.speech.AlarmUlService
ADDED from src\main\AndroidManifest.xml:72:9-75
	android:name
		ADDED from src\main\AndroidManifest.xml:72:18-72
receiver#com.efrobot.guest.speech.AlarmUlService$AlarmEndReceiver
ADDED from src\main\AndroidManifest.xml:74:9-93
	android:name
		ADDED from src\main\AndroidManifest.xml:74:19-90
receiver#com.efrobot.guest.speech.AlarmUlService$AlarmStartReceiver
ADDED from src\main\AndroidManifest.xml:75:9-95
	android:name
		ADDED from src\main\AndroidManifest.xml:75:19-92
uses-sdk
INJECTED from src\main\AndroidManifest.xml reason: use-sdk injection requested
MERGED from [com.efrobot.library.net:mvpnetlibrary:0.0.38] AndroidManifest.xml:7:5-9:41
MERGED from [com.efrobot.library.mvp:mvplibrary:0.0.12] AndroidManifest.xml:7:5-9:41
MERGED from [com.android.support:support-v4:23.1.1] AndroidManifest.xml:20:5-43
MERGED from [cn.edu.zafu:coreprogress:0.0.3] AndroidManifest.xml:7:5-9:41
MERGED from [com.efrobot.library:framework:1.0.37] AndroidManifest.xml:7:5-9:41
	android:targetSdkVersion
		INJECTED from src\main\AndroidManifest.xml
		INJECTED from src\main\AndroidManifest.xml
	android:minSdkVersion
		INJECTED from src\main\AndroidManifest.xml
		INJECTED from src\main\AndroidManifest.xml